<?xml version="1.0" encoding="UTF-8"?>
<testsuite name="com.jojoldu.book.springboot.web.HelloControllerTest" tests="2" skipped="0" failures="0" errors="0" timestamp="2022-05-26T04:57:01" hostname="DESKTOP-NE7GMEN" time="0.124">
  <properties/>
  <testcase name="hello가_리턴된다" classname="com.jojoldu.book.springboot.web.HelloControllerTest" time="0.056"/>
  <testcase name="helloDto가_리턴된다" classname="com.jojoldu.book.springboot.web.HelloControllerTest" time="0.068"/>
  <system-out><![CDATA[2022-05-26 13:57:00.679  INFO 36164 --- [    Test worker] .b.t.a.w.s.WebMvcTestContextBootstrapper : Neither @ContextConfiguration nor @ContextHierarchy found for test class [com.jojoldu.book.springboot.web.HelloControllerTest], using SpringBootContextLoader
2022-05-26 13:57:00.680  INFO 36164 --- [    Test worker] o.s.t.c.support.AbstractContextLoader    : Could not detect default resource locations for test class [com.jojoldu.book.springboot.web.HelloControllerTest]: no resource found for suffixes {-context.xml, Context.groovy}.
2022-05-26 13:57:00.680  INFO 36164 --- [    Test worker] t.c.s.AnnotationConfigContextLoaderUtils : Could not detect default configuration classes for test class [com.jojoldu.book.springboot.web.HelloControllerTest]: HelloControllerTest does not declare any static, non-private, non-final, nested classes annotated with @Configuration.
2022-05-26 13:57:00.697  INFO 36164 --- [    Test worker] .b.t.c.SpringBootTestContextBootstrapper : Found @SpringBootConfiguration com.jojoldu.book.springboot.Application for test class com.jojoldu.book.springboot.web.HelloControllerTest
2022-05-26 13:57:00.698  INFO 36164 --- [    Test worker] .b.t.a.w.s.WebMvcTestContextBootstrapper : Loaded default TestExecutionListener class names from location [META-INF/spring.factories]: [org.springframework.security.test.context.support.WithSecurityContextTestExecutionListener, org.springframework.security.test.context.support.ReactorContextTestExecutionListener, org.springframework.boot.test.autoconfigure.restdocs.RestDocsTestExecutionListener, org.springframework.boot.test.autoconfigure.web.client.MockRestServiceServerResetTestExecutionListener, org.springframework.boot.test.autoconfigure.web.servlet.MockMvcPrintOnlyOnFailureTestExecutionListener, org.springframework.boot.test.autoconfigure.web.servlet.WebDriverTestExecutionListener, org.springframework.boot.test.mock.mockito.MockitoTestExecutionListener, org.springframework.boot.test.mock.mockito.ResetMocksTestExecutionListener, org.springframework.test.context.web.ServletTestExecutionListener, org.springframework.test.context.support.DirtiesContextBeforeModesTestExecutionListener, org.springframework.test.context.support.DependencyInjectionTestExecutionListener, org.springframework.test.context.support.DirtiesContextTestExecutionListener, org.springframework.test.context.transaction.TransactionalTestExecutionListener, org.springframework.test.context.jdbc.SqlScriptsTestExecutionListener]
2022-05-26 13:57:00.699  INFO 36164 --- [    Test worker] .b.t.a.w.s.WebMvcTestContextBootstrapper : Using TestExecutionListeners: [org.springframework.test.context.web.ServletTestExecutionListener@3f06b0de, org.springframework.test.context.support.DirtiesContextBeforeModesTestExecutionListener@693b32d1, org.springframework.boot.test.mock.mockito.MockitoTestExecutionListener@2ef4b555, org.springframework.boot.test.autoconfigure.SpringBootDependencyInjectionTestExecutionListener@7d0ddd35, org.springframework.test.context.support.DirtiesContextTestExecutionListener@7707120a, org.springframework.test.context.transaction.TransactionalTestExecutionListener@471a1b81, org.springframework.test.context.jdbc.SqlScriptsTestExecutionListener@4c4f502a, org.springframework.security.test.context.support.WithSecurityContextTestExecutionListener@5fb8c8e3, org.springframework.security.test.context.support.ReactorContextTestExecutionListener@10e0165c, org.springframework.boot.test.autoconfigure.restdocs.RestDocsTestExecutionListener@7b1d1d2, org.springframework.boot.test.autoconfigure.web.client.MockRestServiceServerResetTestExecutionListener@31491f0e, org.springframework.boot.test.autoconfigure.web.servlet.MockMvcPrintOnlyOnFailureTestExecutionListener@282f3614, org.springframework.boot.test.autoconfigure.web.servlet.WebDriverTestExecutionListener@38ed87bb, org.springframework.boot.test.mock.mockito.ResetMocksTestExecutionListener@315bfe35]

  .   ____          _            __ _ _
 /\\ / ___'_ __ _ _(_)_ __  __ _ \ \ \ \
( ( )\___ | '_ | '_| | '_ \/ _` | \ \ \ \
 \\/  ___)| |_)| | | | | || (_| |  ) ) ) )
  '  |____| .__|_| |_|_| |_\__, | / / / /
 =========|_|==============|___/=/_/_/_/
 :: Spring Boot ::        (v2.1.9.RELEASE)

2022-05-26 13:57:00.723  INFO 36164 --- [    Test worker] c.j.b.s.web.HelloControllerTest          : Starting HelloControllerTest on DESKTOP-NE7GMEN with PID 36164 (started by sshan in D:\Dev\workspace_springbootprac)
2022-05-26 13:57:00.724  INFO 36164 --- [    Test worker] c.j.b.s.web.HelloControllerTest          : No active profile set, falling back to default profiles: default
2022-05-26 13:57:01.094  INFO 36164 --- [    Test worker] o.s.s.concurrent.ThreadPoolTaskExecutor  : Initializing ExecutorService 'applicationTaskExecutor'
2022-05-26 13:57:01.125  INFO 36164 --- [    Test worker] o.s.b.a.w.s.WelcomePageHandlerMapping    : Adding welcome page template: index
2022-05-26 13:57:01.297  INFO 36164 --- [    Test worker] .s.s.UserDetailsServiceAutoConfiguration : 

Using generated security password: 7261d9c3-7cbb-41de-b3ce-f7c2074ebc93

2022-05-26 13:57:01.403  INFO 36164 --- [    Test worker] o.s.s.web.DefaultSecurityFilterChain     : Creating filter chain: any request, [org.springframework.security.web.context.request.async.WebAsyncManagerIntegrationFilter@79239ed, org.springframework.security.web.context.SecurityContextPersistenceFilter@5958d7bc, org.springframework.security.web.header.HeaderWriterFilter@31093ea8, org.springframework.security.web.csrf.CsrfFilter@27b159f9, org.springframework.security.web.authentication.logout.LogoutFilter@12938976, org.springframework.security.web.authentication.UsernamePasswordAuthenticationFilter@74222760, org.springframework.security.web.authentication.ui.DefaultLoginPageGeneratingFilter@51c46514, org.springframework.security.web.authentication.ui.DefaultLogoutPageGeneratingFilter@26c0144, org.springframework.security.web.authentication.www.BasicAuthenticationFilter@5c1baae3, org.springframework.security.web.savedrequest.RequestCacheAwareFilter@636f52ec, org.springframework.security.web.servletapi.SecurityContextHolderAwareRequestFilter@1bebcc57, org.springframework.security.web.authentication.AnonymousAuthenticationFilter@3a1ef58, org.springframework.security.web.session.SessionManagementFilter@1cdad7e1, org.springframework.security.web.access.ExceptionTranslationFilter@c96c378, org.springframework.security.web.access.intercept.FilterSecurityInterceptor@7935a8b9]
2022-05-26 13:57:01.432  INFO 36164 --- [    Test worker] o.s.b.t.m.w.SpringBootMockServletContext : Initializing Spring TestDispatcherServlet ''
2022-05-26 13:57:01.432  INFO 36164 --- [    Test worker] o.s.t.web.servlet.TestDispatcherServlet  : Initializing Servlet ''
2022-05-26 13:57:01.442  INFO 36164 --- [    Test worker] o.s.t.web.servlet.TestDispatcherServlet  : Completed initialization in 9 ms
2022-05-26 13:57:01.464  INFO 36164 --- [    Test worker] c.j.b.s.web.HelloControllerTest          : Started HelloControllerTest in 0.762 seconds (JVM running for 6.688)
]]></system-out>
  <system-err><![CDATA[]]></system-err>
</testsuite>
