<?xml version="1.0" encoding="UTF-8"?>
<testsuite name="com.jojoldu.book.springboot.web.HelloControllerTest" tests="2" skipped="0" failures="0" errors="0" timestamp="2022-06-14T07:45:02" hostname="DESKTOP-NE7GMEN" time="0.151">
  <properties/>
  <testcase name="hello가_리턴된다" classname="com.jojoldu.book.springboot.web.HelloControllerTest" time="0.067"/>
  <testcase name="helloDto가_리턴된다" classname="com.jojoldu.book.springboot.web.HelloControllerTest" time="0.084"/>
  <system-out><![CDATA[2022-06-14 16:45:01.685  INFO 26576 --- [    Test worker] .b.t.a.w.s.WebMvcTestContextBootstrapper : Neither @ContextConfiguration nor @ContextHierarchy found for test class [com.jojoldu.book.springboot.web.HelloControllerTest], using SpringBootContextLoader
2022-06-14 16:45:01.687  INFO 26576 --- [    Test worker] o.s.t.c.support.AbstractContextLoader    : Could not detect default resource locations for test class [com.jojoldu.book.springboot.web.HelloControllerTest]: no resource found for suffixes {-context.xml, Context.groovy}.
2022-06-14 16:45:01.687  INFO 26576 --- [    Test worker] t.c.s.AnnotationConfigContextLoaderUtils : Could not detect default configuration classes for test class [com.jojoldu.book.springboot.web.HelloControllerTest]: HelloControllerTest does not declare any static, non-private, non-final, nested classes annotated with @Configuration.
2022-06-14 16:45:01.714  INFO 26576 --- [    Test worker] .b.t.c.SpringBootTestContextBootstrapper : Found @SpringBootConfiguration com.jojoldu.book.springboot.Application for test class com.jojoldu.book.springboot.web.HelloControllerTest
2022-06-14 16:45:01.714  INFO 26576 --- [    Test worker] .b.t.a.w.s.WebMvcTestContextBootstrapper : Loaded default TestExecutionListener class names from location [META-INF/spring.factories]: [org.springframework.security.test.context.support.WithSecurityContextTestExecutionListener, org.springframework.security.test.context.support.ReactorContextTestExecutionListener, org.springframework.boot.test.autoconfigure.restdocs.RestDocsTestExecutionListener, org.springframework.boot.test.autoconfigure.web.client.MockRestServiceServerResetTestExecutionListener, org.springframework.boot.test.autoconfigure.web.servlet.MockMvcPrintOnlyOnFailureTestExecutionListener, org.springframework.boot.test.autoconfigure.web.servlet.WebDriverTestExecutionListener, org.springframework.boot.test.mock.mockito.MockitoTestExecutionListener, org.springframework.boot.test.mock.mockito.ResetMocksTestExecutionListener, org.springframework.test.context.web.ServletTestExecutionListener, org.springframework.test.context.support.DirtiesContextBeforeModesTestExecutionListener, org.springframework.test.context.support.DependencyInjectionTestExecutionListener, org.springframework.test.context.support.DirtiesContextTestExecutionListener, org.springframework.test.context.transaction.TransactionalTestExecutionListener, org.springframework.test.context.jdbc.SqlScriptsTestExecutionListener]
2022-06-14 16:45:01.715  INFO 26576 --- [    Test worker] .b.t.a.w.s.WebMvcTestContextBootstrapper : Using TestExecutionListeners: [org.springframework.test.context.web.ServletTestExecutionListener@2f60fd6, org.springframework.test.context.support.DirtiesContextBeforeModesTestExecutionListener@27e3d92, org.springframework.boot.test.mock.mockito.MockitoTestExecutionListener@4bd5c0ba, org.springframework.boot.test.autoconfigure.SpringBootDependencyInjectionTestExecutionListener@5c87f99f, org.springframework.test.context.support.DirtiesContextTestExecutionListener@6e3dd566, org.springframework.test.context.transaction.TransactionalTestExecutionListener@1d5cf79e, org.springframework.test.context.jdbc.SqlScriptsTestExecutionListener@78e9349f, org.springframework.security.test.context.support.WithSecurityContextTestExecutionListener@1b41711c, org.springframework.security.test.context.support.ReactorContextTestExecutionListener@1bd711f7, org.springframework.boot.test.autoconfigure.restdocs.RestDocsTestExecutionListener@61cde514, org.springframework.boot.test.autoconfigure.web.client.MockRestServiceServerResetTestExecutionListener@50b1687e, org.springframework.boot.test.autoconfigure.web.servlet.MockMvcPrintOnlyOnFailureTestExecutionListener@40e83ae5, org.springframework.boot.test.autoconfigure.web.servlet.WebDriverTestExecutionListener@6393d3a6, org.springframework.boot.test.mock.mockito.ResetMocksTestExecutionListener@6d786f85]

  .   ____          _            __ _ _
 /\\ / ___'_ __ _ _(_)_ __  __ _ \ \ \ \
( ( )\___ | '_ | '_| | '_ \/ _` | \ \ \ \
 \\/  ___)| |_)| | | | | || (_| |  ) ) ) )
  '  |____| .__|_| |_|_| |_\__, | / / / /
 =========|_|==============|___/=/_/_/_/
 :: Spring Boot ::        (v2.1.9.RELEASE)

2022-06-14 16:45:01.747  INFO 26576 --- [    Test worker] c.j.b.s.web.HelloControllerTest          : Starting HelloControllerTest on DESKTOP-NE7GMEN with PID 26576 (started by sshan in D:\Dev\workspace_springbootprac)
2022-06-14 16:45:01.748  INFO 26576 --- [    Test worker] c.j.b.s.web.HelloControllerTest          : No active profile set, falling back to default profiles: default
2022-06-14 16:45:02.141  INFO 26576 --- [    Test worker] o.s.s.concurrent.ThreadPoolTaskExecutor  : Initializing ExecutorService 'applicationTaskExecutor'
2022-06-14 16:45:02.165  INFO 26576 --- [    Test worker] o.s.b.a.w.s.WelcomePageHandlerMapping    : Adding welcome page template: index
2022-06-14 16:45:02.347  INFO 26576 --- [    Test worker] .s.s.UserDetailsServiceAutoConfiguration : 

Using generated security password: 33de8352-acb7-437d-bfdc-eff5a8f8abcf

2022-06-14 16:45:02.468  INFO 26576 --- [    Test worker] o.s.s.web.DefaultSecurityFilterChain     : Creating filter chain: any request, [org.springframework.security.web.context.request.async.WebAsyncManagerIntegrationFilter@e1549b4, org.springframework.security.web.context.SecurityContextPersistenceFilter@79a120ea, org.springframework.security.web.header.HeaderWriterFilter@378e2bbd, org.springframework.security.web.csrf.CsrfFilter@4f9681b1, org.springframework.security.web.authentication.logout.LogoutFilter@6d5797b1, org.springframework.security.web.authentication.UsernamePasswordAuthenticationFilter@43de1508, org.springframework.security.web.authentication.ui.DefaultLoginPageGeneratingFilter@737575f8, org.springframework.security.web.authentication.ui.DefaultLogoutPageGeneratingFilter@1253f0ac, org.springframework.security.web.authentication.www.BasicAuthenticationFilter@560a0d5c, org.springframework.security.web.savedrequest.RequestCacheAwareFilter@cc8e3bf, org.springframework.security.web.servletapi.SecurityContextHolderAwareRequestFilter@4adde258, org.springframework.security.web.authentication.AnonymousAuthenticationFilter@14b57f57, org.springframework.security.web.session.SessionManagementFilter@4ceeaff4, org.springframework.security.web.access.ExceptionTranslationFilter@3b59c8a1, org.springframework.security.web.access.intercept.FilterSecurityInterceptor@593b342c]
2022-06-14 16:45:02.498  INFO 26576 --- [    Test worker] o.s.b.t.m.w.SpringBootMockServletContext : Initializing Spring TestDispatcherServlet ''
2022-06-14 16:45:02.498  INFO 26576 --- [    Test worker] o.s.t.web.servlet.TestDispatcherServlet  : Initializing Servlet ''
2022-06-14 16:45:02.509  INFO 26576 --- [    Test worker] o.s.t.web.servlet.TestDispatcherServlet  : Completed initialization in 11 ms
2022-06-14 16:45:02.537  INFO 26576 --- [    Test worker] c.j.b.s.web.HelloControllerTest          : Started HelloControllerTest in 0.82 seconds (JVM running for 7.939)
]]></system-out>
  <system-err><![CDATA[]]></system-err>
</testsuite>
