<?xml version="1.0" encoding="UTF-8"?>
<testsuite name="com.jojoldu.book.springboot.web.domain.posts.PostsRepositoryTest" tests="2" skipped="0" failures="0" errors="0" timestamp="2022-06-14T07:45:01" hostname="DESKTOP-NE7GMEN" time="0.258">
  <properties/>
  <testcase name="게시글저장_불러오기" classname="com.jojoldu.book.springboot.web.domain.posts.PostsRepositoryTest" time="0.245"/>
  <testcase name="BaseTimeEntity_등록" classname="com.jojoldu.book.springboot.web.domain.posts.PostsRepositoryTest" time="0.012"/>
  <system-out><![CDATA[16:44:55.688 [Test worker] DEBUG org.springframework.test.context.junit4.SpringJUnit4ClassRunner - SpringJUnit4ClassRunner constructor called with [class com.jojoldu.book.springboot.web.domain.posts.PostsRepositoryTest]
16:44:55.694 [Test worker] DEBUG org.springframework.test.context.BootstrapUtils - Instantiating CacheAwareContextLoaderDelegate from class [org.springframework.test.context.cache.DefaultCacheAwareContextLoaderDelegate]
16:44:55.703 [Test worker] DEBUG org.springframework.test.context.BootstrapUtils - Instantiating BootstrapContext using constructor [public org.springframework.test.context.support.DefaultBootstrapContext(java.lang.Class,org.springframework.test.context.CacheAwareContextLoaderDelegate)]
16:44:55.719 [Test worker] DEBUG org.springframework.test.context.BootstrapUtils - Instantiating TestContextBootstrapper for test class [com.jojoldu.book.springboot.web.domain.posts.PostsRepositoryTest] from class [org.springframework.boot.test.context.SpringBootTestContextBootstrapper]
16:44:55.732 [Test worker] INFO org.springframework.boot.test.context.SpringBootTestContextBootstrapper - Neither @ContextConfiguration nor @ContextHierarchy found for test class [com.jojoldu.book.springboot.web.domain.posts.PostsRepositoryTest], using SpringBootContextLoader
16:44:55.735 [Test worker] DEBUG org.springframework.test.context.support.AbstractContextLoader - Did not detect default resource location for test class [com.jojoldu.book.springboot.web.domain.posts.PostsRepositoryTest]: class path resource [com/jojoldu/book/springboot/web/domain/posts/PostsRepositoryTest-context.xml] does not exist
16:44:55.736 [Test worker] DEBUG org.springframework.test.context.support.AbstractContextLoader - Did not detect default resource location for test class [com.jojoldu.book.springboot.web.domain.posts.PostsRepositoryTest]: class path resource [com/jojoldu/book/springboot/web/domain/posts/PostsRepositoryTestContext.groovy] does not exist
16:44:55.736 [Test worker] INFO org.springframework.test.context.support.AbstractContextLoader - Could not detect default resource locations for test class [com.jojoldu.book.springboot.web.domain.posts.PostsRepositoryTest]: no resource found for suffixes {-context.xml, Context.groovy}.
16:44:55.736 [Test worker] INFO org.springframework.test.context.support.AnnotationConfigContextLoaderUtils - Could not detect default configuration classes for test class [com.jojoldu.book.springboot.web.domain.posts.PostsRepositoryTest]: PostsRepositoryTest does not declare any static, non-private, non-final, nested classes annotated with @Configuration.
16:44:55.776 [Test worker] DEBUG org.springframework.test.context.support.ActiveProfilesUtils - Could not find an 'annotation declaring class' for annotation type [org.springframework.test.context.ActiveProfiles] and class [com.jojoldu.book.springboot.web.domain.posts.PostsRepositoryTest]
16:44:55.875 [Test worker] DEBUG org.springframework.context.annotation.ClassPathScanningCandidateComponentProvider - Identified candidate component class: file [D:\Dev\workspace_springbootprac\build\classes\java\main\com\jojoldu\book\springboot\Application.class]
16:44:55.879 [Test worker] INFO org.springframework.boot.test.context.SpringBootTestContextBootstrapper - Found @SpringBootConfiguration com.jojoldu.book.springboot.Application for test class com.jojoldu.book.springboot.web.domain.posts.PostsRepositoryTest
16:44:55.977 [Test worker] DEBUG org.springframework.boot.test.context.SpringBootTestContextBootstrapper - @TestExecutionListeners is not present for class [com.jojoldu.book.springboot.web.domain.posts.PostsRepositoryTest]: using defaults.
16:44:55.978 [Test worker] INFO org.springframework.boot.test.context.SpringBootTestContextBootstrapper - Loaded default TestExecutionListener class names from location [META-INF/spring.factories]: [org.springframework.security.test.context.support.WithSecurityContextTestExecutionListener, org.springframework.security.test.context.support.ReactorContextTestExecutionListener, org.springframework.boot.test.autoconfigure.restdocs.RestDocsTestExecutionListener, org.springframework.boot.test.autoconfigure.web.client.MockRestServiceServerResetTestExecutionListener, org.springframework.boot.test.autoconfigure.web.servlet.MockMvcPrintOnlyOnFailureTestExecutionListener, org.springframework.boot.test.autoconfigure.web.servlet.WebDriverTestExecutionListener, org.springframework.boot.test.mock.mockito.MockitoTestExecutionListener, org.springframework.boot.test.mock.mockito.ResetMocksTestExecutionListener, org.springframework.test.context.web.ServletTestExecutionListener, org.springframework.test.context.support.DirtiesContextBeforeModesTestExecutionListener, org.springframework.test.context.support.DependencyInjectionTestExecutionListener, org.springframework.test.context.support.DirtiesContextTestExecutionListener, org.springframework.test.context.transaction.TransactionalTestExecutionListener, org.springframework.test.context.jdbc.SqlScriptsTestExecutionListener]
16:44:55.999 [Test worker] INFO org.springframework.boot.test.context.SpringBootTestContextBootstrapper - Using TestExecutionListeners: [org.springframework.test.context.web.ServletTestExecutionListener@2b7fa80a, org.springframework.test.context.support.DirtiesContextBeforeModesTestExecutionListener@519f4b6b, org.springframework.boot.test.mock.mockito.MockitoTestExecutionListener@1c88f76c, org.springframework.boot.test.autoconfigure.SpringBootDependencyInjectionTestExecutionListener@3ef4a65b, org.springframework.test.context.support.DirtiesContextTestExecutionListener@681d7677, org.springframework.test.context.transaction.TransactionalTestExecutionListener@43f2ac0c, org.springframework.test.context.jdbc.SqlScriptsTestExecutionListener@189a0089, org.springframework.security.test.context.support.WithSecurityContextTestExecutionListener@347bbbf, org.springframework.security.test.context.support.ReactorContextTestExecutionListener@6adb6e, org.springframework.boot.test.autoconfigure.restdocs.RestDocsTestExecutionListener@562e95a3, org.springframework.boot.test.autoconfigure.web.client.MockRestServiceServerResetTestExecutionListener@1e7849a7, org.springframework.boot.test.autoconfigure.web.servlet.MockMvcPrintOnlyOnFailureTestExecutionListener@20dc8394, org.springframework.boot.test.autoconfigure.web.servlet.WebDriverTestExecutionListener@76bb8d4a, org.springframework.boot.test.mock.mockito.ResetMocksTestExecutionListener@541a8db3]
16:44:56.001 [Test worker] DEBUG org.springframework.test.annotation.ProfileValueUtils - Retrieved @ProfileValueSourceConfiguration [null] for test class [com.jojoldu.book.springboot.web.domain.posts.PostsRepositoryTest]
16:44:56.002 [Test worker] DEBUG org.springframework.test.annotation.ProfileValueUtils - Retrieved ProfileValueSource type [class org.springframework.test.annotation.SystemProfileValueSource] for class [com.jojoldu.book.springboot.web.domain.posts.PostsRepositoryTest]
16:44:56.003 [Test worker] DEBUG org.springframework.test.annotation.ProfileValueUtils - Retrieved @ProfileValueSourceConfiguration [null] for test class [com.jojoldu.book.springboot.web.domain.posts.PostsRepositoryTest]
16:44:56.003 [Test worker] DEBUG org.springframework.test.annotation.ProfileValueUtils - Retrieved ProfileValueSource type [class org.springframework.test.annotation.SystemProfileValueSource] for class [com.jojoldu.book.springboot.web.domain.posts.PostsRepositoryTest]
16:44:56.007 [Test worker] DEBUG org.springframework.test.context.support.AbstractDirtiesContextTestExecutionListener - Before test class: context [DefaultTestContext@49f6cb59 testClass = PostsRepositoryTest, testInstance = [null], testMethod = [null], testException = [null], mergedContextConfiguration = [WebMergedContextConfiguration@5c2060ad testClass = PostsRepositoryTest, locations = '{}', classes = '{class com.jojoldu.book.springboot.Application}', contextInitializerClasses = '[]', activeProfiles = '{}', propertySourceLocations = '{}', propertySourceProperties = '{org.springframework.boot.test.context.SpringBootTestContextBootstrapper=true}', contextCustomizers = set[org.springframework.boot.test.autoconfigure.properties.PropertyMappingContextCustomizer@0, org.springframework.boot.test.autoconfigure.web.servlet.WebDriverContextCustomizerFactory$Customizer@4f9b162b, org.springframework.boot.test.context.filter.ExcludeFilterContextCustomizer@4d644f9e, org.springframework.boot.test.json.DuplicateJsonObjectContextCustomizerFactory$DuplicateJsonObjectContextCustomizer@904efb6, org.springframework.boot.test.mock.mockito.MockitoContextCustomizer@0, org.springframework.boot.test.web.client.TestRestTemplateContextCustomizer@21d0408d], resourceBasePath = 'src/main/webapp', contextLoader = 'org.springframework.boot.test.context.SpringBootContextLoader', parent = [null]], attributes = map['org.springframework.test.context.web.ServletTestExecutionListener.activateListener' -> true]], class annotated with @DirtiesContext [false] with mode [null].
16:44:56.007 [Test worker] DEBUG org.springframework.test.annotation.ProfileValueUtils - Retrieved @ProfileValueSourceConfiguration [null] for test class [com.jojoldu.book.springboot.web.domain.posts.PostsRepositoryTest]
16:44:56.007 [Test worker] DEBUG org.springframework.test.annotation.ProfileValueUtils - Retrieved ProfileValueSource type [class org.springframework.test.annotation.SystemProfileValueSource] for class [com.jojoldu.book.springboot.web.domain.posts.PostsRepositoryTest]
16:44:56.030 [Test worker] DEBUG org.springframework.test.context.support.TestPropertySourceUtils - Adding inlined properties to environment: {spring.jmx.enabled=false, org.springframework.boot.test.context.SpringBootTestContextBootstrapper=true, server.port=-1}

  .   ____          _            __ _ _
 /\\ / ___'_ __ _ _(_)_ __  __ _ \ \ \ \
( ( )\___ | '_ | '_| | '_ \/ _` | \ \ \ \
 \\/  ___)| |_)| | | | | || (_| |  ) ) ) )
  '  |____| .__|_| |_|_| |_\__, | / / / /
 =========|_|==============|___/=/_/_/_/
 :: Spring Boot ::        (v2.1.9.RELEASE)

2022-06-14 16:44:56.263  INFO 26576 --- [    Test worker] c.j.b.s.w.d.posts.PostsRepositoryTest    : Starting PostsRepositoryTest on DESKTOP-NE7GMEN with PID 26576 (started by sshan in D:\Dev\workspace_springbootprac)
2022-06-14 16:44:56.264  INFO 26576 --- [    Test worker] c.j.b.s.w.d.posts.PostsRepositoryTest    : No active profile set, falling back to default profiles: default
2022-06-14 16:44:57.086  INFO 26576 --- [    Test worker] .s.d.r.c.RepositoryConfigurationDelegate : Bootstrapping Spring Data repositories in DEFAULT mode.
2022-06-14 16:44:57.167  INFO 26576 --- [    Test worker] .s.d.r.c.RepositoryConfigurationDelegate : Finished Spring Data repository scanning in 71ms. Found 2 repository interfaces.
2022-06-14 16:44:57.584  INFO 26576 --- [    Test worker] trationDelegate$BeanPostProcessorChecker : Bean 'org.springframework.transaction.annotation.ProxyTransactionManagementConfiguration' of type [org.springframework.transaction.annotation.ProxyTransactionManagementConfiguration$$EnhancerBySpringCGLIB$$52f317ef] is not eligible for getting processed by all BeanPostProcessors (for example: not eligible for auto-proxying)
2022-06-14 16:44:57.804  INFO 26576 --- [    Test worker] com.zaxxer.hikari.HikariDataSource       : HikariPool-1 - Starting...
2022-06-14 16:44:57.960  INFO 26576 --- [    Test worker] com.zaxxer.hikari.HikariDataSource       : HikariPool-1 - Start completed.
2022-06-14 16:44:58.043  INFO 26576 --- [    Test worker] o.hibernate.jpa.internal.util.LogHelper  : HHH000204: Processing PersistenceUnitInfo [
	name: default
	...]
2022-06-14 16:44:58.119  INFO 26576 --- [    Test worker] org.hibernate.Version                    : HHH000412: Hibernate Core {5.3.12.Final}
2022-06-14 16:44:58.121  INFO 26576 --- [    Test worker] org.hibernate.cfg.Environment            : HHH000206: hibernate.properties not found
2022-06-14 16:44:58.285  INFO 26576 --- [    Test worker] o.hibernate.annotations.common.Version   : HCANN000001: Hibernate Commons Annotations {5.0.4.Final}
2022-06-14 16:44:58.445  INFO 26576 --- [    Test worker] org.hibernate.dialect.Dialect            : HHH000400: Using dialect: org.hibernate.dialect.MySQL5Dialect
Hibernate: drop table if exists posts
Hibernate: drop table if exists user
Hibernate: create table posts (id bigint not null auto_increment, created_date datetime, modified_date datetime, author varchar(255), content TEXT not null, title varchar(500) not null, primary key (id)) engine=MyISAM
Hibernate: create table user (id bigint not null auto_increment, created_date datetime, modified_date datetime, email varchar(255) not null, name varchar(255) not null, picture varchar(255), role varchar(255) not null, primary key (id)) engine=MyISAM
2022-06-14 16:44:59.148  INFO 26576 --- [    Test worker] o.h.t.schema.internal.SchemaCreatorImpl  : HHH000476: Executing import script 'org.hibernate.tool.schema.internal.exec.ScriptSourceInputNonExistentImpl@2d750fa4'
2022-06-14 16:44:59.152  INFO 26576 --- [    Test worker] j.LocalContainerEntityManagerFactoryBean : Initialized JPA EntityManagerFactory for persistence unit 'default'
2022-06-14 16:44:59.712  INFO 26576 --- [    Test worker] o.h.h.i.QueryTranslatorFactoryInitiator  : HHH000397: Using ASTQueryTranslatorFactory
2022-06-14 16:45:00.313  INFO 26576 --- [    Test worker] o.s.s.web.DefaultSecurityFilterChain     : Creating filter chain: any request, [org.springframework.security.web.context.request.async.WebAsyncManagerIntegrationFilter@6cbd18, org.springframework.security.web.context.SecurityContextPersistenceFilter@1c056c80, org.springframework.security.web.header.HeaderWriterFilter@4c357bea, org.springframework.security.web.authentication.logout.LogoutFilter@5dc06eaa, org.springframework.security.oauth2.client.web.OAuth2AuthorizationRequestRedirectFilter@4aee1a45, org.springframework.security.oauth2.client.web.OAuth2LoginAuthenticationFilter@2097bfca, org.springframework.security.web.authentication.ui.DefaultLoginPageGeneratingFilter@147d3a5, org.springframework.security.web.authentication.ui.DefaultLogoutPageGeneratingFilter@42751a76, org.springframework.security.web.savedrequest.RequestCacheAwareFilter@9d3eb79, org.springframework.security.web.servletapi.SecurityContextHolderAwareRequestFilter@387747f9, org.springframework.security.web.authentication.AnonymousAuthenticationFilter@6999b981, org.springframework.security.web.session.SessionManagementFilter@6a15bb75, org.springframework.security.web.access.ExceptionTranslationFilter@5c3a6e4c, org.springframework.security.web.access.intercept.FilterSecurityInterceptor@229fd4c4]
2022-06-14 16:45:00.831  INFO 26576 --- [    Test worker] o.s.s.concurrent.ThreadPoolTaskExecutor  : Initializing ExecutorService 'applicationTaskExecutor'
2022-06-14 16:45:00.888  WARN 26576 --- [    Test worker] aWebConfiguration$JpaWebMvcConfiguration : spring.jpa.open-in-view is enabled by default. Therefore, database queries may be performed during view rendering. Explicitly configure spring.jpa.open-in-view to disable this warning
2022-06-14 16:45:00.931  INFO 26576 --- [    Test worker] o.s.b.a.w.s.WelcomePageHandlerMapping    : Adding welcome page template: index
2022-06-14 16:45:01.381  INFO 26576 --- [    Test worker] s.a.ScheduledAnnotationBeanPostProcessor : No TaskScheduler/ScheduledExecutorService bean found for scheduled processing
2022-06-14 16:45:01.389  INFO 26576 --- [    Test worker] c.j.b.s.w.d.posts.PostsRepositoryTest    : Started PostsRepositoryTest in 5.349 seconds (JVM running for 6.792)
Hibernate: insert into posts (created_date, modified_date, author, content, title) values (?, ?, ?, ?, ?)
Hibernate: select posts0_.id as id1_0_, posts0_.created_date as created_2_0_, posts0_.modified_date as modified3_0_, posts0_.author as author4_0_, posts0_.content as content5_0_, posts0_.title as title6_0_ from posts posts0_
Hibernate: select posts0_.id as id1_0_, posts0_.created_date as created_2_0_, posts0_.modified_date as modified3_0_, posts0_.author as author4_0_, posts0_.content as content5_0_, posts0_.title as title6_0_ from posts posts0_
Hibernate: delete from posts where id=?
Hibernate: insert into posts (created_date, modified_date, author, content, title) values (?, ?, ?, ?, ?)
Hibernate: select posts0_.id as id1_0_, posts0_.created_date as created_2_0_, posts0_.modified_date as modified3_0_, posts0_.author as author4_0_, posts0_.content as content5_0_, posts0_.title as title6_0_ from posts posts0_
>>>>>>>>>> createDate=2022-06-14T16:45:01.657, modifiedDate=2022-06-14T16:45:01.657
Hibernate: select posts0_.id as id1_0_, posts0_.created_date as created_2_0_, posts0_.modified_date as modified3_0_, posts0_.author as author4_0_, posts0_.content as content5_0_, posts0_.title as title6_0_ from posts posts0_
Hibernate: delete from posts where id=?
]]></system-out>
  <system-err><![CDATA[]]></system-err>
</testsuite>
