<?xml version="1.0" encoding="UTF-8"?>
<testsuite name="com.jojoldu.book.springboot.web.ProfileControllerTest" tests="1" skipped="0" failures="0" errors="0" timestamp="2022-06-24T05:53:49" hostname="DESKTOP-NE7GMEN" time="0.143">
  <properties/>
  <testcase name="profile은_인증없이_호출뢴다" classname="com.jojoldu.book.springboot.web.ProfileControllerTest" time="0.143"/>
  <system-out><![CDATA[2022-06-24 14:53:49.455  INFO 70488 --- [    Test worker] .b.t.c.SpringBootTestContextBootstrapper : Neither @ContextConfiguration nor @ContextHierarchy found for test class [com.jojoldu.book.springboot.web.ProfileControllerTest], using SpringBootContextLoader
2022-06-24 14:53:49.456  INFO 70488 --- [    Test worker] o.s.t.c.support.AbstractContextLoader    : Could not detect default resource locations for test class [com.jojoldu.book.springboot.web.ProfileControllerTest]: no resource found for suffixes {-context.xml, Context.groovy}.
2022-06-24 14:53:49.456  INFO 70488 --- [    Test worker] t.c.s.AnnotationConfigContextLoaderUtils : Could not detect default configuration classes for test class [com.jojoldu.book.springboot.web.ProfileControllerTest]: ProfileControllerTest does not declare any static, non-private, non-final, nested classes annotated with @Configuration.
2022-06-24 14:53:49.458  INFO 70488 --- [    Test worker] .b.t.c.SpringBootTestContextBootstrapper : Found @SpringBootConfiguration com.jojoldu.book.springboot.Application for test class com.jojoldu.book.springboot.web.ProfileControllerTest
2022-06-24 14:53:49.460  INFO 70488 --- [    Test worker] .b.t.c.SpringBootTestContextBootstrapper : Loaded default TestExecutionListener class names from location [META-INF/spring.factories]: [org.springframework.security.test.context.support.WithSecurityContextTestExecutionListener, org.springframework.security.test.context.support.ReactorContextTestExecutionListener, org.springframework.boot.test.autoconfigure.restdocs.RestDocsTestExecutionListener, org.springframework.boot.test.autoconfigure.web.client.MockRestServiceServerResetTestExecutionListener, org.springframework.boot.test.autoconfigure.web.servlet.MockMvcPrintOnlyOnFailureTestExecutionListener, org.springframework.boot.test.autoconfigure.web.servlet.WebDriverTestExecutionListener, org.springframework.boot.test.mock.mockito.MockitoTestExecutionListener, org.springframework.boot.test.mock.mockito.ResetMocksTestExecutionListener, org.springframework.test.context.web.ServletTestExecutionListener, org.springframework.test.context.support.DirtiesContextBeforeModesTestExecutionListener, org.springframework.test.context.support.DependencyInjectionTestExecutionListener, org.springframework.test.context.support.DirtiesContextTestExecutionListener, org.springframework.test.context.transaction.TransactionalTestExecutionListener, org.springframework.test.context.jdbc.SqlScriptsTestExecutionListener]
2022-06-24 14:53:49.461  INFO 70488 --- [    Test worker] .b.t.c.SpringBootTestContextBootstrapper : Using TestExecutionListeners: [org.springframework.test.context.web.ServletTestExecutionListener@5ef7098a, org.springframework.test.context.support.DirtiesContextBeforeModesTestExecutionListener@1116d12a, org.springframework.boot.test.mock.mockito.MockitoTestExecutionListener@7b6d9e0b, org.springframework.boot.test.autoconfigure.SpringBootDependencyInjectionTestExecutionListener@5e709602, org.springframework.test.context.support.DirtiesContextTestExecutionListener@38ad7f1f, org.springframework.test.context.transaction.TransactionalTestExecutionListener@1f9566a1, org.springframework.test.context.jdbc.SqlScriptsTestExecutionListener@89f2e9e, org.springframework.security.test.context.support.WithSecurityContextTestExecutionListener@52856909, org.springframework.security.test.context.support.ReactorContextTestExecutionListener@183a1c1, org.springframework.boot.test.autoconfigure.restdocs.RestDocsTestExecutionListener@35177f3e, org.springframework.boot.test.autoconfigure.web.client.MockRestServiceServerResetTestExecutionListener@440d5cdc, org.springframework.boot.test.autoconfigure.web.servlet.MockMvcPrintOnlyOnFailureTestExecutionListener@3d39b875, org.springframework.boot.test.autoconfigure.web.servlet.WebDriverTestExecutionListener@21288bba, org.springframework.boot.test.mock.mockito.ResetMocksTestExecutionListener@2fc8ee2e]
2022-06-24 14:53:49.573  INFO 70488 --- [o-auto-1-exec-1] o.a.c.c.C.[Tomcat].[localhost].[/]       : Initializing Spring DispatcherServlet 'dispatcherServlet'
2022-06-24 14:53:49.573  INFO 70488 --- [o-auto-1-exec-1] o.s.web.servlet.DispatcherServlet        : Initializing Servlet 'dispatcherServlet'
2022-06-24 14:53:49.577  INFO 70488 --- [o-auto-1-exec-1] o.s.web.servlet.DispatcherServlet        : Completed initialization in 4 ms
]]></system-out>
  <system-err><![CDATA[]]></system-err>
</testsuite>
