<?xml version="1.0" encoding="UTF-8"?>
<testsuite name="com.jojoldu.book.springboot.web.domain.posts.PostsRepositoryTest" tests="2" skipped="0" failures="0" errors="0" timestamp="2022-05-26T04:57:00" hostname="DESKTOP-NE7GMEN" time="0.222">
  <properties/>
  <testcase name="게시글저장_불러오기" classname="com.jojoldu.book.springboot.web.domain.posts.PostsRepositoryTest" time="0.211"/>
  <testcase name="BaseTimeEntity_등록" classname="com.jojoldu.book.springboot.web.domain.posts.PostsRepositoryTest" time="0.01"/>
  <system-out><![CDATA[13:56:55.431 [Test worker] DEBUG org.springframework.test.context.junit4.SpringJUnit4ClassRunner - SpringJUnit4ClassRunner constructor called with [class com.jojoldu.book.springboot.web.domain.posts.PostsRepositoryTest]
13:56:55.440 [Test worker] DEBUG org.springframework.test.context.BootstrapUtils - Instantiating CacheAwareContextLoaderDelegate from class [org.springframework.test.context.cache.DefaultCacheAwareContextLoaderDelegate]
13:56:55.448 [Test worker] DEBUG org.springframework.test.context.BootstrapUtils - Instantiating BootstrapContext using constructor [public org.springframework.test.context.support.DefaultBootstrapContext(java.lang.Class,org.springframework.test.context.CacheAwareContextLoaderDelegate)]
13:56:55.464 [Test worker] DEBUG org.springframework.test.context.BootstrapUtils - Instantiating TestContextBootstrapper for test class [com.jojoldu.book.springboot.web.domain.posts.PostsRepositoryTest] from class [org.springframework.boot.test.context.SpringBootTestContextBootstrapper]
13:56:55.475 [Test worker] INFO org.springframework.boot.test.context.SpringBootTestContextBootstrapper - Neither @ContextConfiguration nor @ContextHierarchy found for test class [com.jojoldu.book.springboot.web.domain.posts.PostsRepositoryTest], using SpringBootContextLoader
13:56:55.478 [Test worker] DEBUG org.springframework.test.context.support.AbstractContextLoader - Did not detect default resource location for test class [com.jojoldu.book.springboot.web.domain.posts.PostsRepositoryTest]: class path resource [com/jojoldu/book/springboot/web/domain/posts/PostsRepositoryTest-context.xml] does not exist
13:56:55.478 [Test worker] DEBUG org.springframework.test.context.support.AbstractContextLoader - Did not detect default resource location for test class [com.jojoldu.book.springboot.web.domain.posts.PostsRepositoryTest]: class path resource [com/jojoldu/book/springboot/web/domain/posts/PostsRepositoryTestContext.groovy] does not exist
13:56:55.479 [Test worker] INFO org.springframework.test.context.support.AbstractContextLoader - Could not detect default resource locations for test class [com.jojoldu.book.springboot.web.domain.posts.PostsRepositoryTest]: no resource found for suffixes {-context.xml, Context.groovy}.
13:56:55.480 [Test worker] INFO org.springframework.test.context.support.AnnotationConfigContextLoaderUtils - Could not detect default configuration classes for test class [com.jojoldu.book.springboot.web.domain.posts.PostsRepositoryTest]: PostsRepositoryTest does not declare any static, non-private, non-final, nested classes annotated with @Configuration.
13:56:55.514 [Test worker] DEBUG org.springframework.test.context.support.ActiveProfilesUtils - Could not find an 'annotation declaring class' for annotation type [org.springframework.test.context.ActiveProfiles] and class [com.jojoldu.book.springboot.web.domain.posts.PostsRepositoryTest]
13:56:55.592 [Test worker] DEBUG org.springframework.context.annotation.ClassPathScanningCandidateComponentProvider - Identified candidate component class: file [D:\Dev\workspace_springbootprac\build\classes\java\main\com\jojoldu\book\springboot\Application.class]
13:56:55.595 [Test worker] INFO org.springframework.boot.test.context.SpringBootTestContextBootstrapper - Found @SpringBootConfiguration com.jojoldu.book.springboot.Application for test class com.jojoldu.book.springboot.web.domain.posts.PostsRepositoryTest
13:56:55.675 [Test worker] DEBUG org.springframework.boot.test.context.SpringBootTestContextBootstrapper - @TestExecutionListeners is not present for class [com.jojoldu.book.springboot.web.domain.posts.PostsRepositoryTest]: using defaults.
13:56:55.675 [Test worker] INFO org.springframework.boot.test.context.SpringBootTestContextBootstrapper - Loaded default TestExecutionListener class names from location [META-INF/spring.factories]: [org.springframework.security.test.context.support.WithSecurityContextTestExecutionListener, org.springframework.security.test.context.support.ReactorContextTestExecutionListener, org.springframework.boot.test.autoconfigure.restdocs.RestDocsTestExecutionListener, org.springframework.boot.test.autoconfigure.web.client.MockRestServiceServerResetTestExecutionListener, org.springframework.boot.test.autoconfigure.web.servlet.MockMvcPrintOnlyOnFailureTestExecutionListener, org.springframework.boot.test.autoconfigure.web.servlet.WebDriverTestExecutionListener, org.springframework.boot.test.mock.mockito.MockitoTestExecutionListener, org.springframework.boot.test.mock.mockito.ResetMocksTestExecutionListener, org.springframework.test.context.web.ServletTestExecutionListener, org.springframework.test.context.support.DirtiesContextBeforeModesTestExecutionListener, org.springframework.test.context.support.DependencyInjectionTestExecutionListener, org.springframework.test.context.support.DirtiesContextTestExecutionListener, org.springframework.test.context.transaction.TransactionalTestExecutionListener, org.springframework.test.context.jdbc.SqlScriptsTestExecutionListener]
13:56:55.692 [Test worker] INFO org.springframework.boot.test.context.SpringBootTestContextBootstrapper - Using TestExecutionListeners: [org.springframework.test.context.web.ServletTestExecutionListener@1caf70a3, org.springframework.test.context.support.DirtiesContextBeforeModesTestExecutionListener@7accf29f, org.springframework.boot.test.mock.mockito.MockitoTestExecutionListener@79252e53, org.springframework.boot.test.autoconfigure.SpringBootDependencyInjectionTestExecutionListener@76b030ef, org.springframework.test.context.support.DirtiesContextTestExecutionListener@117d6cf2, org.springframework.test.context.transaction.TransactionalTestExecutionListener@c383c48, org.springframework.test.context.jdbc.SqlScriptsTestExecutionListener@5c3fdc2a, org.springframework.security.test.context.support.WithSecurityContextTestExecutionListener@2b7fa80a, org.springframework.security.test.context.support.ReactorContextTestExecutionListener@519f4b6b, org.springframework.boot.test.autoconfigure.restdocs.RestDocsTestExecutionListener@1c88f76c, org.springframework.boot.test.autoconfigure.web.client.MockRestServiceServerResetTestExecutionListener@3ef4a65b, org.springframework.boot.test.autoconfigure.web.servlet.MockMvcPrintOnlyOnFailureTestExecutionListener@681d7677, org.springframework.boot.test.autoconfigure.web.servlet.WebDriverTestExecutionListener@43f2ac0c, org.springframework.boot.test.mock.mockito.ResetMocksTestExecutionListener@189a0089]
13:56:55.695 [Test worker] DEBUG org.springframework.test.annotation.ProfileValueUtils - Retrieved @ProfileValueSourceConfiguration [null] for test class [com.jojoldu.book.springboot.web.domain.posts.PostsRepositoryTest]
13:56:55.695 [Test worker] DEBUG org.springframework.test.annotation.ProfileValueUtils - Retrieved ProfileValueSource type [class org.springframework.test.annotation.SystemProfileValueSource] for class [com.jojoldu.book.springboot.web.domain.posts.PostsRepositoryTest]
13:56:55.696 [Test worker] DEBUG org.springframework.test.annotation.ProfileValueUtils - Retrieved @ProfileValueSourceConfiguration [null] for test class [com.jojoldu.book.springboot.web.domain.posts.PostsRepositoryTest]
13:56:55.696 [Test worker] DEBUG org.springframework.test.annotation.ProfileValueUtils - Retrieved ProfileValueSource type [class org.springframework.test.annotation.SystemProfileValueSource] for class [com.jojoldu.book.springboot.web.domain.posts.PostsRepositoryTest]
13:56:55.700 [Test worker] DEBUG org.springframework.test.context.support.AbstractDirtiesContextTestExecutionListener - Before test class: context [DefaultTestContext@73a958e testClass = PostsRepositoryTest, testInstance = [null], testMethod = [null], testException = [null], mergedContextConfiguration = [WebMergedContextConfiguration@4a9e4cec testClass = PostsRepositoryTest, locations = '{}', classes = '{class com.jojoldu.book.springboot.Application}', contextInitializerClasses = '[]', activeProfiles = '{}', propertySourceLocations = '{}', propertySourceProperties = '{org.springframework.boot.test.context.SpringBootTestContextBootstrapper=true}', contextCustomizers = set[org.springframework.boot.test.autoconfigure.properties.PropertyMappingContextCustomizer@0, org.springframework.boot.test.autoconfigure.web.servlet.WebDriverContextCustomizerFactory$Customizer@4f9b162b, org.springframework.boot.test.context.filter.ExcludeFilterContextCustomizer@4d644f9e, org.springframework.boot.test.json.DuplicateJsonObjectContextCustomizerFactory$DuplicateJsonObjectContextCustomizer@904efb6, org.springframework.boot.test.mock.mockito.MockitoContextCustomizer@0, org.springframework.boot.test.web.client.TestRestTemplateContextCustomizer@21d0408d], resourceBasePath = 'src/main/webapp', contextLoader = 'org.springframework.boot.test.context.SpringBootContextLoader', parent = [null]], attributes = map['org.springframework.test.context.web.ServletTestExecutionListener.activateListener' -> true]], class annotated with @DirtiesContext [false] with mode [null].
13:56:55.700 [Test worker] DEBUG org.springframework.test.annotation.ProfileValueUtils - Retrieved @ProfileValueSourceConfiguration [null] for test class [com.jojoldu.book.springboot.web.domain.posts.PostsRepositoryTest]
13:56:55.700 [Test worker] DEBUG org.springframework.test.annotation.ProfileValueUtils - Retrieved ProfileValueSource type [class org.springframework.test.annotation.SystemProfileValueSource] for class [com.jojoldu.book.springboot.web.domain.posts.PostsRepositoryTest]
13:56:55.714 [Test worker] DEBUG org.springframework.test.context.support.TestPropertySourceUtils - Adding inlined properties to environment: {spring.jmx.enabled=false, org.springframework.boot.test.context.SpringBootTestContextBootstrapper=true, server.port=-1}

  .   ____          _            __ _ _
 /\\ / ___'_ __ _ _(_)_ __  __ _ \ \ \ \
( ( )\___ | '_ | '_| | '_ \/ _` | \ \ \ \
 \\/  ___)| |_)| | | | | || (_| |  ) ) ) )
  '  |____| .__|_| |_|_| |_\__, | / / / /
 =========|_|==============|___/=/_/_/_/
 :: Spring Boot ::        (v2.1.9.RELEASE)

2022-05-26 13:56:55.896  INFO 36164 --- [    Test worker] c.j.b.s.w.d.posts.PostsRepositoryTest    : Starting PostsRepositoryTest on DESKTOP-NE7GMEN with PID 36164 (started by sshan in D:\Dev\workspace_springbootprac)
2022-05-26 13:56:55.898  INFO 36164 --- [    Test worker] c.j.b.s.w.d.posts.PostsRepositoryTest    : No active profile set, falling back to default profiles: default
2022-05-26 13:56:56.556  INFO 36164 --- [    Test worker] .s.d.r.c.RepositoryConfigurationDelegate : Bootstrapping Spring Data repositories in DEFAULT mode.
2022-05-26 13:56:56.616  INFO 36164 --- [    Test worker] .s.d.r.c.RepositoryConfigurationDelegate : Finished Spring Data repository scanning in 51ms. Found 2 repository interfaces.
2022-05-26 13:56:57.037  INFO 36164 --- [    Test worker] trationDelegate$BeanPostProcessorChecker : Bean 'org.springframework.transaction.annotation.ProxyTransactionManagementConfiguration' of type [org.springframework.transaction.annotation.ProxyTransactionManagementConfiguration$$EnhancerBySpringCGLIB$$5e577d59] is not eligible for getting processed by all BeanPostProcessors (for example: not eligible for auto-proxying)
2022-05-26 13:56:57.236  INFO 36164 --- [    Test worker] com.zaxxer.hikari.HikariDataSource       : HikariPool-1 - Starting...
2022-05-26 13:56:57.371  INFO 36164 --- [    Test worker] com.zaxxer.hikari.HikariDataSource       : HikariPool-1 - Start completed.
2022-05-26 13:56:57.441  INFO 36164 --- [    Test worker] o.hibernate.jpa.internal.util.LogHelper  : HHH000204: Processing PersistenceUnitInfo [
	name: default
	...]
2022-05-26 13:56:57.498  INFO 36164 --- [    Test worker] org.hibernate.Version                    : HHH000412: Hibernate Core {5.3.12.Final}
2022-05-26 13:56:57.499  INFO 36164 --- [    Test worker] org.hibernate.cfg.Environment            : HHH000206: hibernate.properties not found
2022-05-26 13:56:57.621  INFO 36164 --- [    Test worker] o.hibernate.annotations.common.Version   : HCANN000001: Hibernate Commons Annotations {5.0.4.Final}
2022-05-26 13:56:57.748  INFO 36164 --- [    Test worker] org.hibernate.dialect.Dialect            : HHH000400: Using dialect: org.hibernate.dialect.MySQL5Dialect
Hibernate: drop table if exists posts
Hibernate: drop table if exists user
Hibernate: create table posts (id bigint not null auto_increment, created_date datetime, modified_date datetime, author varchar(255), content TEXT not null, title varchar(500) not null, primary key (id)) engine=MyISAM
Hibernate: create table user (id bigint not null auto_increment, created_date datetime, modified_date datetime, email varchar(255) not null, name varchar(255) not null, picture varchar(255), role varchar(255) not null, primary key (id)) engine=MyISAM
2022-05-26 13:56:58.290  INFO 36164 --- [    Test worker] o.h.t.schema.internal.SchemaCreatorImpl  : HHH000476: Executing import script 'org.hibernate.tool.schema.internal.exec.ScriptSourceInputNonExistentImpl@6fe1e26d'
2022-05-26 13:56:58.293  INFO 36164 --- [    Test worker] j.LocalContainerEntityManagerFactoryBean : Initialized JPA EntityManagerFactory for persistence unit 'default'
2022-05-26 13:56:58.819  INFO 36164 --- [    Test worker] o.h.h.i.QueryTranslatorFactoryInitiator  : HHH000397: Using ASTQueryTranslatorFactory
2022-05-26 13:56:59.355  INFO 36164 --- [    Test worker] o.s.s.web.DefaultSecurityFilterChain     : Creating filter chain: any request, [org.springframework.security.web.context.request.async.WebAsyncManagerIntegrationFilter@4aee1a45, org.springframework.security.web.context.SecurityContextPersistenceFilter@5673519e, org.springframework.security.web.header.HeaderWriterFilter@e50daaa, org.springframework.security.web.authentication.logout.LogoutFilter@9d3eb79, org.springframework.security.oauth2.client.web.OAuth2AuthorizationRequestRedirectFilter@5317dedf, org.springframework.security.oauth2.client.web.OAuth2LoginAuthenticationFilter@3e2b232f, org.springframework.security.web.authentication.ui.DefaultLoginPageGeneratingFilter@6a15bb75, org.springframework.security.web.authentication.ui.DefaultLogoutPageGeneratingFilter@2db79f86, org.springframework.security.web.savedrequest.RequestCacheAwareFilter@64a99fac, org.springframework.security.web.servletapi.SecurityContextHolderAwareRequestFilter@52c98ec8, org.springframework.security.web.authentication.AnonymousAuthenticationFilter@7db7565e, org.springframework.security.web.session.SessionManagementFilter@2b7436fa, org.springframework.security.web.access.ExceptionTranslationFilter@454f816f, org.springframework.security.web.access.intercept.FilterSecurityInterceptor@37b24974]
2022-05-26 13:56:59.861  INFO 36164 --- [    Test worker] o.s.s.concurrent.ThreadPoolTaskExecutor  : Initializing ExecutorService 'applicationTaskExecutor'
2022-05-26 13:56:59.910  WARN 36164 --- [    Test worker] aWebConfiguration$JpaWebMvcConfiguration : spring.jpa.open-in-view is enabled by default. Therefore, database queries may be performed during view rendering. Explicitly configure spring.jpa.open-in-view to disable this warning
2022-05-26 13:56:59.966  INFO 36164 --- [    Test worker] o.s.b.a.w.s.WelcomePageHandlerMapping    : Adding welcome page template: index
2022-05-26 13:57:00.419  INFO 36164 --- [    Test worker] s.a.ScheduledAnnotationBeanPostProcessor : No TaskScheduler/ScheduledExecutorService bean found for scheduled processing
2022-05-26 13:57:00.428  INFO 36164 --- [    Test worker] c.j.b.s.w.d.posts.PostsRepositoryTest    : Started PostsRepositoryTest in 4.705 seconds (JVM running for 5.652)
Hibernate: insert into posts (created_date, modified_date, author, content, title) values (?, ?, ?, ?, ?)
Hibernate: select posts0_.id as id1_0_, posts0_.created_date as created_2_0_, posts0_.modified_date as modified3_0_, posts0_.author as author4_0_, posts0_.content as content5_0_, posts0_.title as title6_0_ from posts posts0_
Hibernate: select posts0_.id as id1_0_, posts0_.created_date as created_2_0_, posts0_.modified_date as modified3_0_, posts0_.author as author4_0_, posts0_.content as content5_0_, posts0_.title as title6_0_ from posts posts0_
Hibernate: delete from posts where id=?
Hibernate: insert into posts (created_date, modified_date, author, content, title) values (?, ?, ?, ?, ?)
Hibernate: select posts0_.id as id1_0_, posts0_.created_date as created_2_0_, posts0_.modified_date as modified3_0_, posts0_.author as author4_0_, posts0_.content as content5_0_, posts0_.title as title6_0_ from posts posts0_
>>>>>>>>>> createDate=2022-05-26T13:57:00.659, modifiedDate=2022-05-26T13:57:00.659
Hibernate: select posts0_.id as id1_0_, posts0_.created_date as created_2_0_, posts0_.modified_date as modified3_0_, posts0_.author as author4_0_, posts0_.content as content5_0_, posts0_.title as title6_0_ from posts posts0_
Hibernate: delete from posts where id=?
]]></system-out>
  <system-err><![CDATA[]]></system-err>
</testsuite>
