<?xml version="1.0" encoding="UTF-8"?>
<testsuite name="com.jojoldu.book.springboot.web.ProfileControllerTest" tests="1" skipped="0" failures="0" errors="0" timestamp="2022-06-14T07:45:04" hostname="DESKTOP-NE7GMEN" time="0.116">
  <properties/>
  <testcase name="profile은_인증없이_호출뢴다" classname="com.jojoldu.book.springboot.web.ProfileControllerTest" time="0.116"/>
  <system-out><![CDATA[2022-06-14 16:45:04.738  INFO 26576 --- [    Test worker] .b.t.c.SpringBootTestContextBootstrapper : Neither @ContextConfiguration nor @ContextHierarchy found for test class [com.jojoldu.book.springboot.web.ProfileControllerTest], using SpringBootContextLoader
2022-06-14 16:45:04.740  INFO 26576 --- [    Test worker] o.s.t.c.support.AbstractContextLoader    : Could not detect default resource locations for test class [com.jojoldu.book.springboot.web.ProfileControllerTest]: no resource found for suffixes {-context.xml, Context.groovy}.
2022-06-14 16:45:04.740  INFO 26576 --- [    Test worker] t.c.s.AnnotationConfigContextLoaderUtils : Could not detect default configuration classes for test class [com.jojoldu.book.springboot.web.ProfileControllerTest]: ProfileControllerTest does not declare any static, non-private, non-final, nested classes annotated with @Configuration.
2022-06-14 16:45:04.741  INFO 26576 --- [    Test worker] .b.t.c.SpringBootTestContextBootstrapper : Found @SpringBootConfiguration com.jojoldu.book.springboot.Application for test class com.jojoldu.book.springboot.web.ProfileControllerTest
2022-06-14 16:45:04.743  INFO 26576 --- [    Test worker] .b.t.c.SpringBootTestContextBootstrapper : Loaded default TestExecutionListener class names from location [META-INF/spring.factories]: [org.springframework.security.test.context.support.WithSecurityContextTestExecutionListener, org.springframework.security.test.context.support.ReactorContextTestExecutionListener, org.springframework.boot.test.autoconfigure.restdocs.RestDocsTestExecutionListener, org.springframework.boot.test.autoconfigure.web.client.MockRestServiceServerResetTestExecutionListener, org.springframework.boot.test.autoconfigure.web.servlet.MockMvcPrintOnlyOnFailureTestExecutionListener, org.springframework.boot.test.autoconfigure.web.servlet.WebDriverTestExecutionListener, org.springframework.boot.test.mock.mockito.MockitoTestExecutionListener, org.springframework.boot.test.mock.mockito.ResetMocksTestExecutionListener, org.springframework.test.context.web.ServletTestExecutionListener, org.springframework.test.context.support.DirtiesContextBeforeModesTestExecutionListener, org.springframework.test.context.support.DependencyInjectionTestExecutionListener, org.springframework.test.context.support.DirtiesContextTestExecutionListener, org.springframework.test.context.transaction.TransactionalTestExecutionListener, org.springframework.test.context.jdbc.SqlScriptsTestExecutionListener]
2022-06-14 16:45:04.743  INFO 26576 --- [    Test worker] .b.t.c.SpringBootTestContextBootstrapper : Using TestExecutionListeners: [org.springframework.test.context.web.ServletTestExecutionListener@558047f, org.springframework.test.context.support.DirtiesContextBeforeModesTestExecutionListener@6aa21e05, org.springframework.boot.test.mock.mockito.MockitoTestExecutionListener@6583e345, org.springframework.boot.test.autoconfigure.SpringBootDependencyInjectionTestExecutionListener@6342f3b5, org.springframework.test.context.support.DirtiesContextTestExecutionListener@26fc785e, org.springframework.test.context.transaction.TransactionalTestExecutionListener@5cd408b2, org.springframework.test.context.jdbc.SqlScriptsTestExecutionListener@26b741a6, org.springframework.security.test.context.support.WithSecurityContextTestExecutionListener@521cc19e, org.springframework.security.test.context.support.ReactorContextTestExecutionListener@17677d0b, org.springframework.boot.test.autoconfigure.restdocs.RestDocsTestExecutionListener@6b8a76cd, org.springframework.boot.test.autoconfigure.web.client.MockRestServiceServerResetTestExecutionListener@77acb06b, org.springframework.boot.test.autoconfigure.web.servlet.MockMvcPrintOnlyOnFailureTestExecutionListener@43088f31, org.springframework.boot.test.autoconfigure.web.servlet.WebDriverTestExecutionListener@6fab2d7e, org.springframework.boot.test.mock.mockito.ResetMocksTestExecutionListener@57af0258]
2022-06-14 16:45:04.827  INFO 26576 --- [o-auto-1-exec-1] o.a.c.c.C.[Tomcat].[localhost].[/]       : Initializing Spring DispatcherServlet 'dispatcherServlet'
2022-06-14 16:45:04.827  INFO 26576 --- [o-auto-1-exec-1] o.s.web.servlet.DispatcherServlet        : Initializing Servlet 'dispatcherServlet'
2022-06-14 16:45:04.831  INFO 26576 --- [o-auto-1-exec-1] o.s.web.servlet.DispatcherServlet        : Completed initialization in 4 ms
]]></system-out>
  <system-err><![CDATA[]]></system-err>
</testsuite>
