<?xml version="1.0" encoding="UTF-8"?>
<testsuite name="com.jojoldu.book.springboot.web.HelloControllerTest" tests="2" skipped="0" failures="0" errors="0" timestamp="2022-06-24T05:53:46" hostname="DESKTOP-NE7GMEN" time="0.207">
  <properties/>
  <testcase name="hello가_리턴된다" classname="com.jojoldu.book.springboot.web.HelloControllerTest" time="0.086"/>
  <testcase name="helloDto가_리턴된다" classname="com.jojoldu.book.springboot.web.HelloControllerTest" time="0.12"/>
  <system-out><![CDATA[2022-06-24 14:53:45.169  INFO 70488 --- [    Test worker] .b.t.a.w.s.WebMvcTestContextBootstrapper : Neither @ContextConfiguration nor @ContextHierarchy found for test class [com.jojoldu.book.springboot.web.HelloControllerTest], using SpringBootContextLoader
2022-06-24 14:53:45.169  INFO 70488 --- [    Test worker] o.s.t.c.support.AbstractContextLoader    : Could not detect default resource locations for test class [com.jojoldu.book.springboot.web.HelloControllerTest]: no resource found for suffixes {-context.xml, Context.groovy}.
2022-06-24 14:53:45.169  INFO 70488 --- [    Test worker] t.c.s.AnnotationConfigContextLoaderUtils : Could not detect default configuration classes for test class [com.jojoldu.book.springboot.web.HelloControllerTest]: HelloControllerTest does not declare any static, non-private, non-final, nested classes annotated with @Configuration.
2022-06-24 14:53:45.203  INFO 70488 --- [    Test worker] .b.t.c.SpringBootTestContextBootstrapper : Found @SpringBootConfiguration com.jojoldu.book.springboot.Application for test class com.jojoldu.book.springboot.web.HelloControllerTest
2022-06-24 14:53:45.203  INFO 70488 --- [    Test worker] .b.t.a.w.s.WebMvcTestContextBootstrapper : Loaded default TestExecutionListener class names from location [META-INF/spring.factories]: [org.springframework.security.test.context.support.WithSecurityContextTestExecutionListener, org.springframework.security.test.context.support.ReactorContextTestExecutionListener, org.springframework.boot.test.autoconfigure.restdocs.RestDocsTestExecutionListener, org.springframework.boot.test.autoconfigure.web.client.MockRestServiceServerResetTestExecutionListener, org.springframework.boot.test.autoconfigure.web.servlet.MockMvcPrintOnlyOnFailureTestExecutionListener, org.springframework.boot.test.autoconfigure.web.servlet.WebDriverTestExecutionListener, org.springframework.boot.test.mock.mockito.MockitoTestExecutionListener, org.springframework.boot.test.mock.mockito.ResetMocksTestExecutionListener, org.springframework.test.context.web.ServletTestExecutionListener, org.springframework.test.context.support.DirtiesContextBeforeModesTestExecutionListener, org.springframework.test.context.support.DependencyInjectionTestExecutionListener, org.springframework.test.context.support.DirtiesContextTestExecutionListener, org.springframework.test.context.transaction.TransactionalTestExecutionListener, org.springframework.test.context.jdbc.SqlScriptsTestExecutionListener]
2022-06-24 14:53:45.205  INFO 70488 --- [    Test worker] .b.t.a.w.s.WebMvcTestContextBootstrapper : Using TestExecutionListeners: [org.springframework.test.context.web.ServletTestExecutionListener@62f73e74, org.springframework.test.context.support.DirtiesContextBeforeModesTestExecutionListener@175b4c7b, org.springframework.boot.test.mock.mockito.MockitoTestExecutionListener@1b2417ad, org.springframework.boot.test.autoconfigure.SpringBootDependencyInjectionTestExecutionListener@dc6f192, org.springframework.test.context.support.DirtiesContextTestExecutionListener@56197ac0, org.springframework.test.context.transaction.TransactionalTestExecutionListener@1becdcec, org.springframework.test.context.jdbc.SqlScriptsTestExecutionListener@204e2943, org.springframework.security.test.context.support.WithSecurityContextTestExecutionListener@1abe16b9, org.springframework.security.test.context.support.ReactorContextTestExecutionListener@7eca054, org.springframework.boot.test.autoconfigure.restdocs.RestDocsTestExecutionListener@7a1a07f9, org.springframework.boot.test.autoconfigure.web.client.MockRestServiceServerResetTestExecutionListener@2bcf3dc8, org.springframework.boot.test.autoconfigure.web.servlet.MockMvcPrintOnlyOnFailureTestExecutionListener@412efdd6, org.springframework.boot.test.autoconfigure.web.servlet.WebDriverTestExecutionListener@23221ba7, org.springframework.boot.test.mock.mockito.ResetMocksTestExecutionListener@9ade5f5]

  .   ____          _            __ _ _
 /\\ / ___'_ __ _ _(_)_ __  __ _ \ \ \ \
( ( )\___ | '_ | '_| | '_ \/ _` | \ \ \ \
 \\/  ___)| |_)| | | | | || (_| |  ) ) ) )
  '  |____| .__|_| |_|_| |_\__, | / / / /
 =========|_|==============|___/=/_/_/_/
 :: Spring Boot ::        (v2.1.9.RELEASE)

2022-06-24 14:53:45.236  INFO 70488 --- [    Test worker] c.j.b.s.web.HelloControllerTest          : Starting HelloControllerTest on DESKTOP-NE7GMEN with PID 70488 (started by sshan in D:\Dev\workspace_springbootprac)
2022-06-24 14:53:45.238  INFO 70488 --- [    Test worker] c.j.b.s.web.HelloControllerTest          : No active profile set, falling back to default profiles: default
2022-06-24 14:53:45.784  INFO 70488 --- [    Test worker] o.s.s.concurrent.ThreadPoolTaskExecutor  : Initializing ExecutorService 'applicationTaskExecutor'
2022-06-24 14:53:45.832  INFO 70488 --- [    Test worker] o.s.b.a.w.s.WelcomePageHandlerMapping    : Adding welcome page template: index
2022-06-24 14:53:46.109  INFO 70488 --- [    Test worker] .s.s.UserDetailsServiceAutoConfiguration : 

Using generated security password: 4225ac7b-7168-44ce-8dcf-62874f4497b7

2022-06-24 14:53:46.255  INFO 70488 --- [    Test worker] o.s.s.web.DefaultSecurityFilterChain     : Creating filter chain: any request, [org.springframework.security.web.context.request.async.WebAsyncManagerIntegrationFilter@7155354e, org.springframework.security.web.context.SecurityContextPersistenceFilter@42b74c9b, org.springframework.security.web.header.HeaderWriterFilter@a0360a8, org.springframework.security.web.csrf.CsrfFilter@7e299922, org.springframework.security.web.authentication.logout.LogoutFilter@8757074, org.springframework.security.web.authentication.UsernamePasswordAuthenticationFilter@6fb845e9, org.springframework.security.web.authentication.ui.DefaultLoginPageGeneratingFilter@582c80b7, org.springframework.security.web.authentication.ui.DefaultLogoutPageGeneratingFilter@15104936, org.springframework.security.web.authentication.www.BasicAuthenticationFilter@343d43a, org.springframework.security.web.savedrequest.RequestCacheAwareFilter@7998a74e, org.springframework.security.web.servletapi.SecurityContextHolderAwareRequestFilter@680f9ef5, org.springframework.security.web.authentication.AnonymousAuthenticationFilter@86fadaa, org.springframework.security.web.session.SessionManagementFilter@38d11843, org.springframework.security.web.access.ExceptionTranslationFilter@652bd7f4, org.springframework.security.web.access.intercept.FilterSecurityInterceptor@58e871d9]
2022-06-24 14:53:46.294  INFO 70488 --- [    Test worker] o.s.b.t.m.w.SpringBootMockServletContext : Initializing Spring TestDispatcherServlet ''
2022-06-24 14:53:46.294  INFO 70488 --- [    Test worker] o.s.t.web.servlet.TestDispatcherServlet  : Initializing Servlet ''
2022-06-24 14:53:46.307  INFO 70488 --- [    Test worker] o.s.t.web.servlet.TestDispatcherServlet  : Completed initialization in 12 ms
2022-06-24 14:53:46.335  INFO 70488 --- [    Test worker] c.j.b.s.web.HelloControllerTest          : Started HelloControllerTest in 1.127 seconds (JVM running for 12.502)
]]></system-out>
  <system-err><![CDATA[]]></system-err>
</testsuite>
